2017-03-07 10:14:26 [main] INFO  org.alvin.opsdev.desktop.Application - Starting Application on SH-tangzc with PID 1932 (D:\学习\devops_v1\source\opsdev-desktop\target\classes started by tangzhichao in D:\学习\devops_v1\source\opsdev-desktop)
2017-03-07 10:14:26 [main] INFO  org.alvin.opsdev.desktop.Application - No active profile set, falling back to default profiles: default
2017-03-07 10:14:27 [main] INFO  o.s.b.c.e.AnnotationConfigEmbeddedWebApplicationContext - Refreshing org.springframework.boot.context.embedded.AnnotationConfigEmbeddedWebApplicationContext@1ac431d3: startup date [Tue Mar 07 10:14:27 CST 2017]; root of context hierarchy
2017-03-07 10:14:27 [background-preinit] INFO  o.h.validator.internal.util.Version - HV000001: Hibernate Validator 5.2.4.Final
2017-03-07 10:14:30 [main] INFO  o.s.b.c.e.t.TomcatEmbeddedServletContainer - Tomcat initialized with port(s): 4005 (http)
2017-03-07 10:14:30 [main] INFO  o.a.catalina.core.StandardService - Starting service Tomcat
2017-03-07 10:14:30 [main] INFO  o.a.catalina.core.StandardEngine - Starting Servlet Engine: Apache Tomcat/8.5.4
2017-03-07 10:14:30 [localhost-startStop-1] INFO  o.a.c.c.C.[Tomcat].[localhost].[/] - Initializing Spring embedded WebApplicationContext
2017-03-07 10:14:30 [localhost-startStop-1] INFO  o.s.web.context.ContextLoader - Root WebApplicationContext: initialization completed in 3823 ms
2017-03-07 10:14:31 [localhost-startStop-1] INFO  o.s.b.w.s.ServletRegistrationBean - Mapping servlet: 'dispatcherServlet' to [/]
2017-03-07 10:14:31 [localhost-startStop-1] INFO  o.s.b.w.s.FilterRegistrationBean - Mapping filter: 'characterEncodingFilter' to: [/*]
2017-03-07 10:14:31 [localhost-startStop-1] INFO  o.s.b.w.s.FilterRegistrationBean - Mapping filter: 'hiddenHttpMethodFilter' to: [/*]
2017-03-07 10:14:31 [localhost-startStop-1] INFO  o.s.b.w.s.FilterRegistrationBean - Mapping filter: 'httpPutFormContentFilter' to: [/*]
2017-03-07 10:14:31 [localhost-startStop-1] INFO  o.s.b.w.s.FilterRegistrationBean - Mapping filter: 'requestContextFilter' to: [/*]
2017-03-07 10:14:31 [main] INFO  o.s.s.c.ThreadPoolTaskScheduler - Initializing ExecutorService  'defaultSockJsTaskScheduler'
2017-03-07 10:14:31 [main] WARN  o.s.w.s.s.s.WebSocketHandlerMapping - Neither 'urlMap' nor 'mappings' set on SimpleUrlHandlerMapping
2017-03-07 10:14:31 [main] INFO  o.s.w.s.m.m.a.RequestMappingHandlerAdapter - Looking for @ControllerAdvice: org.springframework.boot.context.embedded.AnnotationConfigEmbeddedWebApplicationContext@1ac431d3: startup date [Tue Mar 07 10:14:27 CST 2017]; root of context hierarchy
2017-03-07 10:14:31 [main] INFO  o.s.w.s.m.m.a.RequestMappingHandlerMapping - Mapped "{[/api/sidebar/apps],methods=[GET]}" onto public java.util.List<org.alvin.opsdev.desktop.system.bean.AppBean> org.alvin.opsdev.desktop.system.controller.AppController.sidebarApps()
2017-03-07 10:14:31 [main] INFO  o.s.w.s.m.m.a.RequestMappingHandlerMapping - Mapped "{[/api/fisheye/apps],methods=[GET]}" onto public java.util.List<org.alvin.opsdev.desktop.system.bean.AppBean> org.alvin.opsdev.desktop.system.controller.AppController.fishEyeApps()
2017-03-07 10:14:31 [main] INFO  o.s.w.s.m.m.a.RequestMappingHandlerMapping - Mapped "{[/api/content/apps/{id}],methods=[GET]}" onto public java.util.List<org.alvin.opsdev.desktop.system.bean.AppBean> org.alvin.opsdev.desktop.system.controller.AppController.contentApps(java.lang.String)
2017-03-07 10:14:31 [main] INFO  o.s.w.s.m.m.a.RequestMappingHandlerMapping - Mapped "{[/]}" onto public java.lang.String org.alvin.opsdev.desktop.system.controller.IndexController.index()
2017-03-07 10:14:31 [main] INFO  o.s.w.s.m.m.a.RequestMappingHandlerMapping - Mapped "{[/api/note],methods=[GET]}" onto public java.util.List<org.alvin.opsdev.desktop.system.bean.NotesBean> org.alvin.opsdev.desktop.system.controller.NotesController.notes()
2017-03-07 10:14:31 [main] INFO  o.s.w.s.m.m.a.RequestMappingHandlerMapping - Mapped "{[/api/setting/rdps],methods=[GET]}" onto public java.util.List<org.alvin.opsdev.desktop.system.bean.RdpBean> org.alvin.opsdev.desktop.system.controller.SettingController.rdps()
2017-03-07 10:14:31 [main] INFO  o.s.w.s.m.m.a.RequestMappingHandlerMapping - Mapped "{[/api/setting/sshs],methods=[GET]}" onto public java.util.List<org.alvin.opsdev.desktop.system.bean.SshBean> org.alvin.opsdev.desktop.system.controller.SettingController.sshs()
2017-03-07 10:14:31 [main] INFO  o.s.w.s.m.m.a.RequestMappingHandlerMapping - Mapped "{[/api/setting/vncs],methods=[GET]}" onto public java.util.List<org.alvin.opsdev.desktop.system.bean.VncBean> org.alvin.opsdev.desktop.system.controller.SettingController.vncs()
2017-03-07 10:14:31 [main] INFO  o.s.w.s.m.m.a.RequestMappingHandlerMapping - Mapped "{[/error]}" onto public org.springframework.http.ResponseEntity<java.util.Map<java.lang.String, java.lang.Object>> org.springframework.boot.autoconfigure.web.BasicErrorController.error(javax.servlet.http.HttpServletRequest)
2017-03-07 10:14:31 [main] INFO  o.s.w.s.m.m.a.RequestMappingHandlerMapping - Mapped "{[/error],produces=[text/html]}" onto public org.springframework.web.servlet.ModelAndView org.springframework.boot.autoconfigure.web.BasicErrorController.errorHtml(javax.servlet.http.HttpServletRequest,javax.servlet.http.HttpServletResponse)
2017-03-07 10:14:31 [main] INFO  o.s.w.s.c.a.WebMvcConfigurerAdapter - Adding welcome page: ServletContext resource [/index.html]
2017-03-07 10:14:31 [main] INFO  o.s.w.s.h.SimpleUrlHandlerMapping - Root mapping to handler of type [class org.springframework.web.servlet.mvc.ParameterizableViewController]
2017-03-07 10:14:31 [main] INFO  o.s.w.s.h.SimpleUrlHandlerMapping - Mapped URL path [/webjars/**] onto handler of type [class org.springframework.web.servlet.resource.ResourceHttpRequestHandler]
2017-03-07 10:14:31 [main] INFO  o.s.w.s.h.SimpleUrlHandlerMapping - Mapped URL path [/**] onto handler of type [class org.springframework.web.servlet.resource.ResourceHttpRequestHandler]
2017-03-07 10:14:31 [main] INFO  o.s.w.s.h.SimpleUrlHandlerMapping - Mapped URL path [/**/favicon.ico] onto handler of type [class org.springframework.web.servlet.resource.ResourceHttpRequestHandler]
2017-03-07 10:14:31 [main] INFO  o.s.w.s.v.f.FreeMarkerConfigurer - ClassTemplateLoader for Spring macros added to FreeMarker configuration
2017-03-07 10:14:32 [main] INFO  o.s.j.e.a.AnnotationMBeanExporter - Registering beans for JMX exposure on startup
2017-03-07 10:14:32 [main] INFO  o.s.c.s.DefaultLifecycleProcessor - Starting beans in phase 2147483647
2017-03-07 10:14:32 [main] INFO  o.a.coyote.http11.Http11NioProtocol - Initializing ProtocolHandler ["http-nio-4005"]
2017-03-07 10:14:32 [main] INFO  o.a.coyote.http11.Http11NioProtocol - Starting ProtocolHandler [http-nio-4005]
2017-03-07 10:14:32 [main] INFO  o.a.tomcat.util.net.NioSelectorPool - Using a shared selector for servlet write/read
2017-03-07 10:14:32 [main] INFO  o.s.b.c.e.t.TomcatEmbeddedServletContainer - Tomcat started on port(s): 4005 (http)
2017-03-07 10:14:32 [main] INFO  org.alvin.opsdev.desktop.Application - Started Application in 6.333 seconds (JVM running for 25.816)
2017-03-07 10:14:56 [http-nio-4005-exec-1] INFO  o.a.c.c.C.[Tomcat].[localhost].[/] - Initializing Spring FrameworkServlet 'dispatcherServlet'
2017-03-07 10:14:56 [http-nio-4005-exec-1] INFO  o.s.web.servlet.DispatcherServlet - FrameworkServlet 'dispatcherServlet': initialization started
2017-03-07 10:14:56 [http-nio-4005-exec-1] INFO  o.s.web.servlet.DispatcherServlet - FrameworkServlet 'dispatcherServlet': initialization completed in 23 ms
2017-03-07 10:26:53 [main] INFO  org.alvin.opsdev.desktop.Application - Starting Application on SH-tangzc with PID 4936 (D:\学习\devops_v1\source\opsdev-desktop\target\classes started by tangzhichao in D:\学习\devops_v1\source\opsdev-desktop)
2017-03-07 10:26:53 [main] INFO  org.alvin.opsdev.desktop.Application - No active profile set, falling back to default profiles: default
2017-03-07 10:26:53 [main] INFO  o.s.b.c.e.AnnotationConfigEmbeddedWebApplicationContext - Refreshing org.springframework.boot.context.embedded.AnnotationConfigEmbeddedWebApplicationContext@40d23b57: startup date [Tue Mar 07 10:26:53 CST 2017]; root of context hierarchy
2017-03-07 10:26:53 [background-preinit] INFO  o.h.validator.internal.util.Version - HV000001: Hibernate Validator 5.2.4.Final
2017-03-07 10:26:54 [main] INFO  o.s.b.c.e.t.TomcatEmbeddedServletContainer - Tomcat initialized with port(s): 4005 (http)
2017-03-07 10:26:54 [main] INFO  o.a.catalina.core.StandardService - Starting service Tomcat
2017-03-07 10:26:54 [main] INFO  o.a.catalina.core.StandardEngine - Starting Servlet Engine: Apache Tomcat/8.5.4
2017-03-07 10:26:54 [localhost-startStop-1] INFO  o.a.c.c.C.[Tomcat].[localhost].[/] - Initializing Spring embedded WebApplicationContext
2017-03-07 10:26:54 [localhost-startStop-1] INFO  o.s.web.context.ContextLoader - Root WebApplicationContext: initialization completed in 1693 ms
2017-03-07 10:26:55 [localhost-startStop-1] INFO  o.s.b.w.s.ServletRegistrationBean - Mapping servlet: 'dispatcherServlet' to [/]
2017-03-07 10:26:55 [localhost-startStop-1] INFO  o.s.b.w.s.FilterRegistrationBean - Mapping filter: 'characterEncodingFilter' to: [/*]
2017-03-07 10:26:55 [localhost-startStop-1] INFO  o.s.b.w.s.FilterRegistrationBean - Mapping filter: 'hiddenHttpMethodFilter' to: [/*]
2017-03-07 10:26:55 [localhost-startStop-1] INFO  o.s.b.w.s.FilterRegistrationBean - Mapping filter: 'httpPutFormContentFilter' to: [/*]
2017-03-07 10:26:55 [localhost-startStop-1] INFO  o.s.b.w.s.FilterRegistrationBean - Mapping filter: 'requestContextFilter' to: [/*]
2017-03-07 10:26:55 [main] INFO  o.s.s.c.ThreadPoolTaskScheduler - Initializing ExecutorService  'defaultSockJsTaskScheduler'
2017-03-07 10:26:55 [main] WARN  o.s.w.s.s.s.WebSocketHandlerMapping - Neither 'urlMap' nor 'mappings' set on SimpleUrlHandlerMapping
2017-03-07 10:26:55 [main] INFO  o.s.w.s.m.m.a.RequestMappingHandlerAdapter - Looking for @ControllerAdvice: org.springframework.boot.context.embedded.AnnotationConfigEmbeddedWebApplicationContext@40d23b57: startup date [Tue Mar 07 10:26:53 CST 2017]; root of context hierarchy
2017-03-07 10:26:55 [main] INFO  o.s.w.s.m.m.a.RequestMappingHandlerMapping - Mapped "{[/api/content/apps/{id}],methods=[GET]}" onto public java.util.List<org.alvin.opsdev.desktop.system.bean.AppBean> org.alvin.opsdev.desktop.system.controller.AppController.contentApps(java.lang.String)
2017-03-07 10:26:55 [main] INFO  o.s.w.s.m.m.a.RequestMappingHandlerMapping - Mapped "{[/api/fisheye/apps],methods=[GET]}" onto public java.util.List<org.alvin.opsdev.desktop.system.bean.AppBean> org.alvin.opsdev.desktop.system.controller.AppController.fishEyeApps()
2017-03-07 10:26:55 [main] INFO  o.s.w.s.m.m.a.RequestMappingHandlerMapping - Mapped "{[/api/sidebar/apps],methods=[GET]}" onto public java.util.List<org.alvin.opsdev.desktop.system.bean.AppBean> org.alvin.opsdev.desktop.system.controller.AppController.sidebarApps()
2017-03-07 10:26:55 [main] INFO  o.s.w.s.m.m.a.RequestMappingHandlerMapping - Mapped "{[/]}" onto public java.lang.String org.alvin.opsdev.desktop.system.controller.IndexController.index()
2017-03-07 10:26:55 [main] INFO  o.s.w.s.m.m.a.RequestMappingHandlerMapping - Mapped "{[/api/note],methods=[GET]}" onto public java.util.List<org.alvin.opsdev.desktop.system.bean.NotesBean> org.alvin.opsdev.desktop.system.controller.NotesController.notes()
2017-03-07 10:26:55 [main] INFO  o.s.w.s.m.m.a.RequestMappingHandlerMapping - Mapped "{[/api/setting/vncs],methods=[GET]}" onto public java.util.List<org.alvin.opsdev.desktop.system.bean.VncBean> org.alvin.opsdev.desktop.system.controller.SettingController.vncs()
2017-03-07 10:26:55 [main] INFO  o.s.w.s.m.m.a.RequestMappingHandlerMapping - Mapped "{[/api/setting/rdps],methods=[GET]}" onto public java.util.List<org.alvin.opsdev.desktop.system.bean.RdpBean> org.alvin.opsdev.desktop.system.controller.SettingController.rdps()
2017-03-07 10:26:55 [main] INFO  o.s.w.s.m.m.a.RequestMappingHandlerMapping - Mapped "{[/api/setting/sshs],methods=[GET]}" onto public java.util.List<org.alvin.opsdev.desktop.system.bean.SshBean> org.alvin.opsdev.desktop.system.controller.SettingController.sshs()
2017-03-07 10:26:55 [main] INFO  o.s.w.s.m.m.a.RequestMappingHandlerMapping - Mapped "{[/error]}" onto public org.springframework.http.ResponseEntity<java.util.Map<java.lang.String, java.lang.Object>> org.springframework.boot.autoconfigure.web.BasicErrorController.error(javax.servlet.http.HttpServletRequest)
2017-03-07 10:26:55 [main] INFO  o.s.w.s.m.m.a.RequestMappingHandlerMapping - Mapped "{[/error],produces=[text/html]}" onto public org.springframework.web.servlet.ModelAndView org.springframework.boot.autoconfigure.web.BasicErrorController.errorHtml(javax.servlet.http.HttpServletRequest,javax.servlet.http.HttpServletResponse)
2017-03-07 10:26:55 [main] INFO  o.s.w.s.c.a.WebMvcConfigurerAdapter - Adding welcome page: ServletContext resource [/index.html]
2017-03-07 10:26:55 [main] INFO  o.s.w.s.h.SimpleUrlHandlerMapping - Root mapping to handler of type [class org.springframework.web.servlet.mvc.ParameterizableViewController]
2017-03-07 10:26:55 [main] INFO  o.s.w.s.h.SimpleUrlHandlerMapping - Mapped URL path [/webjars/**] onto handler of type [class org.springframework.web.servlet.resource.ResourceHttpRequestHandler]
2017-03-07 10:26:55 [main] INFO  o.s.w.s.h.SimpleUrlHandlerMapping - Mapped URL path [/**] onto handler of type [class org.springframework.web.servlet.resource.ResourceHttpRequestHandler]
2017-03-07 10:26:55 [main] INFO  o.s.w.s.h.SimpleUrlHandlerMapping - Mapped URL path [/**/favicon.ico] onto handler of type [class org.springframework.web.servlet.resource.ResourceHttpRequestHandler]
2017-03-07 10:26:55 [main] INFO  o.s.w.s.v.f.FreeMarkerConfigurer - ClassTemplateLoader for Spring macros added to FreeMarker configuration
2017-03-07 10:26:55 [main] INFO  o.s.j.e.a.AnnotationMBeanExporter - Registering beans for JMX exposure on startup
2017-03-07 10:26:55 [main] INFO  o.s.c.s.DefaultLifecycleProcessor - Starting beans in phase 2147483647
2017-03-07 10:26:55 [main] INFO  o.a.coyote.http11.Http11NioProtocol - Initializing ProtocolHandler ["http-nio-4005"]
2017-03-07 10:26:55 [main] INFO  o.a.coyote.http11.Http11NioProtocol - Starting ProtocolHandler [http-nio-4005]
2017-03-07 10:26:55 [main] INFO  o.a.tomcat.util.net.NioSelectorPool - Using a shared selector for servlet write/read
2017-03-07 10:26:55 [main] INFO  o.s.b.c.e.t.TomcatEmbeddedServletContainer - Tomcat started on port(s): 4005 (http)
2017-03-07 10:26:55 [main] INFO  org.alvin.opsdev.desktop.Application - Started Application in 3.062 seconds (JVM running for 8.246)
2017-03-07 10:30:15 [http-nio-4005-exec-1] INFO  o.a.c.c.C.[Tomcat].[localhost].[/] - Initializing Spring FrameworkServlet 'dispatcherServlet'
2017-03-07 10:30:15 [http-nio-4005-exec-1] INFO  o.s.web.servlet.DispatcherServlet - FrameworkServlet 'dispatcherServlet': initialization started
2017-03-07 10:30:15 [http-nio-4005-exec-1] INFO  o.s.web.servlet.DispatcherServlet - FrameworkServlet 'dispatcherServlet': initialization completed in 19 ms
2017-03-07 10:43:20 [main] INFO  org.alvin.opsdev.desktop.Application - Starting Application on SH-tangzc with PID 284 (D:\学习\devops_v1\source\opsdev-desktop\target\classes started by tangzhichao in D:\学习\devops_v1\source\opsdev-desktop)
2017-03-07 10:43:20 [main] INFO  org.alvin.opsdev.desktop.Application - No active profile set, falling back to default profiles: default
2017-03-07 10:43:20 [main] INFO  o.s.b.c.e.AnnotationConfigEmbeddedWebApplicationContext - Refreshing org.springframework.boot.context.embedded.AnnotationConfigEmbeddedWebApplicationContext@24b73f2d: startup date [Tue Mar 07 10:43:20 CST 2017]; root of context hierarchy
2017-03-07 10:43:20 [background-preinit] INFO  o.h.validator.internal.util.Version - HV000001: Hibernate Validator 5.2.4.Final
2017-03-07 10:43:21 [main] INFO  o.s.b.c.e.t.TomcatEmbeddedServletContainer - Tomcat initialized with port(s): 4005 (http)
2017-03-07 10:43:21 [main] INFO  o.a.catalina.core.StandardService - Starting service Tomcat
2017-03-07 10:43:21 [main] INFO  o.a.catalina.core.StandardEngine - Starting Servlet Engine: Apache Tomcat/8.5.4
2017-03-07 10:43:21 [localhost-startStop-1] INFO  o.a.c.c.C.[Tomcat].[localhost].[/] - Initializing Spring embedded WebApplicationContext
2017-03-07 10:43:21 [localhost-startStop-1] INFO  o.s.web.context.ContextLoader - Root WebApplicationContext: initialization completed in 1670 ms
2017-03-07 10:43:22 [localhost-startStop-1] INFO  o.s.b.w.s.ServletRegistrationBean - Mapping servlet: 'dispatcherServlet' to [/]
2017-03-07 10:43:22 [localhost-startStop-1] INFO  o.s.b.w.s.FilterRegistrationBean - Mapping filter: 'characterEncodingFilter' to: [/*]
2017-03-07 10:43:22 [localhost-startStop-1] INFO  o.s.b.w.s.FilterRegistrationBean - Mapping filter: 'hiddenHttpMethodFilter' to: [/*]
2017-03-07 10:43:22 [localhost-startStop-1] INFO  o.s.b.w.s.FilterRegistrationBean - Mapping filter: 'httpPutFormContentFilter' to: [/*]
2017-03-07 10:43:22 [localhost-startStop-1] INFO  o.s.b.w.s.FilterRegistrationBean - Mapping filter: 'requestContextFilter' to: [/*]
2017-03-07 10:43:22 [main] INFO  o.s.s.c.ThreadPoolTaskScheduler - Initializing ExecutorService  'defaultSockJsTaskScheduler'
2017-03-07 10:43:22 [main] WARN  o.s.w.s.s.s.WebSocketHandlerMapping - Neither 'urlMap' nor 'mappings' set on SimpleUrlHandlerMapping
2017-03-07 10:43:22 [main] INFO  o.s.w.s.m.m.a.RequestMappingHandlerAdapter - Looking for @ControllerAdvice: org.springframework.boot.context.embedded.AnnotationConfigEmbeddedWebApplicationContext@24b73f2d: startup date [Tue Mar 07 10:43:20 CST 2017]; root of context hierarchy
2017-03-07 10:43:22 [main] INFO  o.s.w.s.m.m.a.RequestMappingHandlerMapping - Mapped "{[/api/fisheye/apps],methods=[GET]}" onto public java.util.List<org.alvin.opsdev.desktop.system.bean.AppBean> org.alvin.opsdev.desktop.system.controller.AppController.fishEyeApps()
2017-03-07 10:43:22 [main] INFO  o.s.w.s.m.m.a.RequestMappingHandlerMapping - Mapped "{[/api/content/apps/{id}],methods=[GET]}" onto public java.util.List<org.alvin.opsdev.desktop.system.bean.AppBean> org.alvin.opsdev.desktop.system.controller.AppController.contentApps(java.lang.String)
2017-03-07 10:43:22 [main] INFO  o.s.w.s.m.m.a.RequestMappingHandlerMapping - Mapped "{[/api/sidebar/apps],methods=[GET]}" onto public java.util.List<org.alvin.opsdev.desktop.system.bean.AppBean> org.alvin.opsdev.desktop.system.controller.AppController.sidebarApps()
2017-03-07 10:43:22 [main] INFO  o.s.w.s.m.m.a.RequestMappingHandlerMapping - Mapped "{[/]}" onto public java.lang.String org.alvin.opsdev.desktop.system.controller.IndexController.index()
2017-03-07 10:43:22 [main] INFO  o.s.w.s.m.m.a.RequestMappingHandlerMapping - Mapped "{[/api/note],methods=[GET]}" onto public java.util.List<org.alvin.opsdev.desktop.system.bean.NotesBean> org.alvin.opsdev.desktop.system.controller.NotesController.notes()
2017-03-07 10:43:22 [main] INFO  o.s.w.s.m.m.a.RequestMappingHandlerMapping - Mapped "{[/api/setting/vncs],methods=[GET]}" onto public java.util.List<org.alvin.opsdev.desktop.system.bean.VncBean> org.alvin.opsdev.desktop.system.controller.SettingController.vncs()
2017-03-07 10:43:22 [main] INFO  o.s.w.s.m.m.a.RequestMappingHandlerMapping - Mapped "{[/api/setting/sshs],methods=[GET]}" onto public java.util.List<org.alvin.opsdev.desktop.system.bean.SshBean> org.alvin.opsdev.desktop.system.controller.SettingController.sshs()
2017-03-07 10:43:22 [main] INFO  o.s.w.s.m.m.a.RequestMappingHandlerMapping - Mapped "{[/api/setting/rdps],methods=[GET]}" onto public java.util.List<org.alvin.opsdev.desktop.system.bean.RdpBean> org.alvin.opsdev.desktop.system.controller.SettingController.rdps()
2017-03-07 10:43:22 [main] INFO  o.s.w.s.m.m.a.RequestMappingHandlerMapping - Mapped "{[/error]}" onto public org.springframework.http.ResponseEntity<java.util.Map<java.lang.String, java.lang.Object>> org.springframework.boot.autoconfigure.web.BasicErrorController.error(javax.servlet.http.HttpServletRequest)
2017-03-07 10:43:22 [main] INFO  o.s.w.s.m.m.a.RequestMappingHandlerMapping - Mapped "{[/error],produces=[text/html]}" onto public org.springframework.web.servlet.ModelAndView org.springframework.boot.autoconfigure.web.BasicErrorController.errorHtml(javax.servlet.http.HttpServletRequest,javax.servlet.http.HttpServletResponse)
2017-03-07 10:43:22 [main] INFO  o.s.w.s.c.a.WebMvcConfigurerAdapter - Adding welcome page: ServletContext resource [/index.html]
2017-03-07 10:43:22 [main] INFO  o.s.w.s.h.SimpleUrlHandlerMapping - Root mapping to handler of type [class org.springframework.web.servlet.mvc.ParameterizableViewController]
2017-03-07 10:43:22 [main] INFO  o.s.w.s.h.SimpleUrlHandlerMapping - Mapped URL path [/webjars/**] onto handler of type [class org.springframework.web.servlet.resource.ResourceHttpRequestHandler]
2017-03-07 10:43:22 [main] INFO  o.s.w.s.h.SimpleUrlHandlerMapping - Mapped URL path [/**] onto handler of type [class org.springframework.web.servlet.resource.ResourceHttpRequestHandler]
2017-03-07 10:43:22 [main] INFO  o.s.w.s.h.SimpleUrlHandlerMapping - Mapped URL path [/**/favicon.ico] onto handler of type [class org.springframework.web.servlet.resource.ResourceHttpRequestHandler]
2017-03-07 10:43:22 [main] INFO  o.s.w.s.v.f.FreeMarkerConfigurer - ClassTemplateLoader for Spring macros added to FreeMarker configuration
2017-03-07 10:43:22 [main] INFO  o.s.j.e.a.AnnotationMBeanExporter - Registering beans for JMX exposure on startup
2017-03-07 10:43:22 [main] INFO  o.s.c.s.DefaultLifecycleProcessor - Starting beans in phase 2147483647
2017-03-07 10:43:22 [main] INFO  o.a.coyote.http11.Http11NioProtocol - Initializing ProtocolHandler ["http-nio-4005"]
2017-03-07 10:43:22 [main] INFO  o.a.coyote.http11.Http11NioProtocol - Starting ProtocolHandler [http-nio-4005]
2017-03-07 10:43:22 [main] INFO  o.a.tomcat.util.net.NioSelectorPool - Using a shared selector for servlet write/read
2017-03-07 10:43:22 [main] INFO  o.s.b.c.e.t.TomcatEmbeddedServletContainer - Tomcat started on port(s): 4005 (http)
2017-03-07 10:43:22 [main] INFO  org.alvin.opsdev.desktop.Application - Started Application in 2.994 seconds (JVM running for 8.124)
2017-03-07 10:45:04 [http-nio-4005-exec-1] INFO  o.a.c.c.C.[Tomcat].[localhost].[/] - Initializing Spring FrameworkServlet 'dispatcherServlet'
2017-03-07 10:45:04 [http-nio-4005-exec-1] INFO  o.s.web.servlet.DispatcherServlet - FrameworkServlet 'dispatcherServlet': initialization started
2017-03-07 10:45:04 [http-nio-4005-exec-1] INFO  o.s.web.servlet.DispatcherServlet - FrameworkServlet 'dispatcherServlet': initialization completed in 19 ms
2017-03-07 11:04:09 [background-preinit] INFO  o.h.validator.internal.util.Version - HV000001: Hibernate Validator 5.2.4.Final
2017-03-07 11:04:10 [main] INFO  org.alvin.opsdev.desktop.Application - Starting Application on SH-tangzc with PID 8472 (D:\学习\devops_v1\source\opsdev-desktop\target\classes started by tangzhichao in D:\学习\devops_v1\source\opsdev-desktop)
2017-03-07 11:04:10 [main] INFO  org.alvin.opsdev.desktop.Application - No active profile set, falling back to default profiles: default
2017-03-07 11:04:10 [main] INFO  o.s.b.c.e.AnnotationConfigEmbeddedWebApplicationContext - Refreshing org.springframework.boot.context.embedded.AnnotationConfigEmbeddedWebApplicationContext@6998645e: startup date [Tue Mar 07 11:04:10 CST 2017]; root of context hierarchy
2017-03-07 11:04:11 [main] INFO  o.s.b.c.e.t.TomcatEmbeddedServletContainer - Tomcat initialized with port(s): 4005 (http)
2017-03-07 11:04:11 [main] INFO  o.a.catalina.core.StandardService - Starting service Tomcat
2017-03-07 11:04:11 [main] INFO  o.a.catalina.core.StandardEngine - Starting Servlet Engine: Apache Tomcat/8.5.4
2017-03-07 11:04:11 [localhost-startStop-1] INFO  o.a.c.c.C.[Tomcat].[localhost].[/] - Initializing Spring embedded WebApplicationContext
2017-03-07 11:04:11 [localhost-startStop-1] INFO  o.s.web.context.ContextLoader - Root WebApplicationContext: initialization completed in 1821 ms
2017-03-07 11:04:12 [localhost-startStop-1] INFO  o.s.b.w.s.ServletRegistrationBean - Mapping servlet: 'dispatcherServlet' to [/]
2017-03-07 11:04:12 [localhost-startStop-1] INFO  o.s.b.w.s.FilterRegistrationBean - Mapping filter: 'characterEncodingFilter' to: [/*]
2017-03-07 11:04:12 [localhost-startStop-1] INFO  o.s.b.w.s.FilterRegistrationBean - Mapping filter: 'hiddenHttpMethodFilter' to: [/*]
2017-03-07 11:04:12 [localhost-startStop-1] INFO  o.s.b.w.s.FilterRegistrationBean - Mapping filter: 'httpPutFormContentFilter' to: [/*]
2017-03-07 11:04:12 [localhost-startStop-1] INFO  o.s.b.w.s.FilterRegistrationBean - Mapping filter: 'requestContextFilter' to: [/*]
2017-03-07 11:04:12 [main] INFO  o.s.s.c.ThreadPoolTaskScheduler - Initializing ExecutorService  'defaultSockJsTaskScheduler'
2017-03-07 11:04:12 [main] WARN  o.s.w.s.s.s.WebSocketHandlerMapping - Neither 'urlMap' nor 'mappings' set on SimpleUrlHandlerMapping
2017-03-07 11:04:12 [main] INFO  o.s.w.s.m.m.a.RequestMappingHandlerAdapter - Looking for @ControllerAdvice: org.springframework.boot.context.embedded.AnnotationConfigEmbeddedWebApplicationContext@6998645e: startup date [Tue Mar 07 11:04:10 CST 2017]; root of context hierarchy
2017-03-07 11:04:12 [main] INFO  o.s.w.s.m.m.a.RequestMappingHandlerMapping - Mapped "{[/api/content/apps/{id}],methods=[GET]}" onto public java.util.List<org.alvin.opsdev.desktop.system.bean.AppBean> org.alvin.opsdev.desktop.system.controller.AppController.contentApps(java.lang.String)
2017-03-07 11:04:12 [main] INFO  o.s.w.s.m.m.a.RequestMappingHandlerMapping - Mapped "{[/api/sidebar/apps],methods=[GET]}" onto public java.util.List<org.alvin.opsdev.desktop.system.bean.AppBean> org.alvin.opsdev.desktop.system.controller.AppController.sidebarApps()
2017-03-07 11:04:12 [main] INFO  o.s.w.s.m.m.a.RequestMappingHandlerMapping - Mapped "{[/api/fisheye/apps],methods=[GET]}" onto public java.util.List<org.alvin.opsdev.desktop.system.bean.AppBean> org.alvin.opsdev.desktop.system.controller.AppController.fishEyeApps()
2017-03-07 11:04:12 [main] INFO  o.s.w.s.m.m.a.RequestMappingHandlerMapping - Mapped "{[/api/tunnel]}" onto public org.apache.guacamole.net.GuacamoleTunnel org.alvin.opsdev.desktop.system.controller.GuacamoleController.doConnect(javax.servlet.http.HttpServletRequest) throws org.apache.guacamole.GuacamoleException
2017-03-07 11:04:12 [main] INFO  o.s.w.s.m.m.a.RequestMappingHandlerMapping - Mapped "{[/]}" onto public java.lang.String org.alvin.opsdev.desktop.system.controller.IndexController.index()
2017-03-07 11:04:12 [main] INFO  o.s.w.s.m.m.a.RequestMappingHandlerMapping - Mapped "{[/api/note],methods=[GET]}" onto public java.util.List<org.alvin.opsdev.desktop.system.bean.NotesBean> org.alvin.opsdev.desktop.system.controller.NotesController.notes()
2017-03-07 11:04:12 [main] INFO  o.s.w.s.m.m.a.RequestMappingHandlerMapping - Mapped "{[/api/setting/vncs],methods=[GET]}" onto public java.util.List<org.alvin.opsdev.desktop.system.bean.VncBean> org.alvin.opsdev.desktop.system.controller.SettingController.vncs()
2017-03-07 11:04:12 [main] INFO  o.s.w.s.m.m.a.RequestMappingHandlerMapping - Mapped "{[/api/setting/sshs],methods=[GET]}" onto public java.util.List<org.alvin.opsdev.desktop.system.bean.SshBean> org.alvin.opsdev.desktop.system.controller.SettingController.sshs()
2017-03-07 11:04:12 [main] INFO  o.s.w.s.m.m.a.RequestMappingHandlerMapping - Mapped "{[/api/setting/rdps],methods=[GET]}" onto public java.util.List<org.alvin.opsdev.desktop.system.bean.RdpBean> org.alvin.opsdev.desktop.system.controller.SettingController.rdps()
2017-03-07 11:04:12 [main] INFO  o.s.w.s.m.m.a.RequestMappingHandlerMapping - Mapped "{[/error]}" onto public org.springframework.http.ResponseEntity<java.util.Map<java.lang.String, java.lang.Object>> org.springframework.boot.autoconfigure.web.BasicErrorController.error(javax.servlet.http.HttpServletRequest)
2017-03-07 11:04:12 [main] INFO  o.s.w.s.m.m.a.RequestMappingHandlerMapping - Mapped "{[/error],produces=[text/html]}" onto public org.springframework.web.servlet.ModelAndView org.springframework.boot.autoconfigure.web.BasicErrorController.errorHtml(javax.servlet.http.HttpServletRequest,javax.servlet.http.HttpServletResponse)
2017-03-07 11:04:12 [main] INFO  o.s.w.s.c.a.WebMvcConfigurerAdapter - Adding welcome page: ServletContext resource [/index.html]
2017-03-07 11:04:12 [main] INFO  o.s.w.s.h.SimpleUrlHandlerMapping - Root mapping to handler of type [class org.springframework.web.servlet.mvc.ParameterizableViewController]
2017-03-07 11:04:12 [main] INFO  o.s.w.s.h.SimpleUrlHandlerMapping - Mapped URL path [/webjars/**] onto handler of type [class org.springframework.web.servlet.resource.ResourceHttpRequestHandler]
2017-03-07 11:04:12 [main] INFO  o.s.w.s.h.SimpleUrlHandlerMapping - Mapped URL path [/**] onto handler of type [class org.springframework.web.servlet.resource.ResourceHttpRequestHandler]
2017-03-07 11:04:12 [main] INFO  o.s.w.s.h.SimpleUrlHandlerMapping - Mapped URL path [/**/favicon.ico] onto handler of type [class org.springframework.web.servlet.resource.ResourceHttpRequestHandler]
2017-03-07 11:04:13 [main] INFO  o.s.w.s.v.f.FreeMarkerConfigurer - ClassTemplateLoader for Spring macros added to FreeMarker configuration
2017-03-07 11:04:13 [main] INFO  o.s.j.e.a.AnnotationMBeanExporter - Registering beans for JMX exposure on startup
2017-03-07 11:04:13 [main] INFO  o.s.c.s.DefaultLifecycleProcessor - Starting beans in phase 2147483647
2017-03-07 11:04:13 [main] INFO  o.a.coyote.http11.Http11NioProtocol - Initializing ProtocolHandler ["http-nio-4005"]
2017-03-07 11:04:13 [main] INFO  o.a.coyote.http11.Http11NioProtocol - Starting ProtocolHandler [http-nio-4005]
2017-03-07 11:04:13 [main] INFO  o.a.tomcat.util.net.NioSelectorPool - Using a shared selector for servlet write/read
2017-03-07 11:04:13 [main] INFO  o.s.b.c.e.t.TomcatEmbeddedServletContainer - Tomcat started on port(s): 4005 (http)
2017-03-07 11:04:13 [main] INFO  org.alvin.opsdev.desktop.Application - Started Application in 4.305 seconds (JVM running for 13.279)
2017-03-07 11:04:30 [http-nio-4005-exec-1] INFO  o.a.c.c.C.[Tomcat].[localhost].[/] - Initializing Spring FrameworkServlet 'dispatcherServlet'
2017-03-07 11:04:30 [http-nio-4005-exec-1] INFO  o.s.web.servlet.DispatcherServlet - FrameworkServlet 'dispatcherServlet': initialization started
2017-03-07 11:04:30 [http-nio-4005-exec-1] INFO  o.s.web.servlet.DispatcherServlet - FrameworkServlet 'dispatcherServlet': initialization completed in 22 ms
2017-03-07 11:04:49 [http-nio-4005-exec-1] ERROR o.a.c.c.C.[.[.[.[dispatcherServlet] - Servlet.service() for servlet [dispatcherServlet] in context with path [] threw exception [Request processing failed; nested exception is java.lang.NullPointerException] with root cause
java.lang.NullPointerException: null
	at org.alvin.opsdev.desktop.system.controller.GuacamoleController.doConnect(GuacamoleController.java:41)
	at sun.reflect.NativeMethodAccessorImpl.invoke0(Native Method)
	at sun.reflect.NativeMethodAccessorImpl.invoke(NativeMethodAccessorImpl.java:62)
	at sun.reflect.DelegatingMethodAccessorImpl.invoke(DelegatingMethodAccessorImpl.java:43)
	at java.lang.reflect.Method.invoke(Method.java:498)
	at org.springframework.web.method.support.InvocableHandlerMethod.doInvoke(InvocableHandlerMethod.java:221)
	at org.springframework.web.method.support.InvocableHandlerMethod.invokeForRequest(InvocableHandlerMethod.java:136)
	at org.springframework.web.servlet.mvc.method.annotation.ServletInvocableHandlerMethod.invokeAndHandle(ServletInvocableHandlerMethod.java:114)
	at org.springframework.web.servlet.mvc.method.annotation.RequestMappingHandlerAdapter.invokeHandlerMethod(RequestMappingHandlerAdapter.java:827)
	at org.springframework.web.servlet.mvc.method.annotation.RequestMappingHandlerAdapter.handleInternal(RequestMappingHandlerAdapter.java:738)
	at org.springframework.web.servlet.mvc.method.AbstractHandlerMethodAdapter.handle(AbstractHandlerMethodAdapter.java:85)
	at org.springframework.web.servlet.DispatcherServlet.doDispatch(DispatcherServlet.java:963)
	at org.springframework.web.servlet.DispatcherServlet.doService(DispatcherServlet.java:897)
	at org.springframework.web.servlet.FrameworkServlet.processRequest(FrameworkServlet.java:970)
	at org.springframework.web.servlet.FrameworkServlet.doPost(FrameworkServlet.java:872)
	at javax.servlet.http.HttpServlet.service(HttpServlet.java:648)
	at org.springframework.web.servlet.FrameworkServlet.service(FrameworkServlet.java:846)
	at javax.servlet.http.HttpServlet.service(HttpServlet.java:729)
	at org.apache.catalina.core.ApplicationFilterChain.internalDoFilter(ApplicationFilterChain.java:230)
	at org.apache.catalina.core.ApplicationFilterChain.doFilter(ApplicationFilterChain.java:165)
	at org.apache.tomcat.websocket.server.WsFilter.doFilter(WsFilter.java:52)
	at org.apache.catalina.core.ApplicationFilterChain.internalDoFilter(ApplicationFilterChain.java:192)
	at org.apache.catalina.core.ApplicationFilterChain.doFilter(ApplicationFilterChain.java:165)
	at org.springframework.web.filter.RequestContextFilter.doFilterInternal(RequestContextFilter.java:99)
	at org.springframework.web.filter.OncePerRequestFilter.doFilter(OncePerRequestFilter.java:107)
	at org.apache.catalina.core.ApplicationFilterChain.internalDoFilter(ApplicationFilterChain.java:192)
	at org.apache.catalina.core.ApplicationFilterChain.doFilter(ApplicationFilterChain.java:165)
	at org.springframework.web.filter.HttpPutFormContentFilter.doFilterInternal(HttpPutFormContentFilter.java:87)
	at org.springframework.web.filter.OncePerRequestFilter.doFilter(OncePerRequestFilter.java:107)
	at org.apache.catalina.core.ApplicationFilterChain.internalDoFilter(ApplicationFilterChain.java:192)
	at org.apache.catalina.core.ApplicationFilterChain.doFilter(ApplicationFilterChain.java:165)
	at org.springframework.web.filter.HiddenHttpMethodFilter.doFilterInternal(HiddenHttpMethodFilter.java:77)
	at org.springframework.web.filter.OncePerRequestFilter.doFilter(OncePerRequestFilter.java:107)
	at org.apache.catalina.core.ApplicationFilterChain.internalDoFilter(ApplicationFilterChain.java:192)
	at org.apache.catalina.core.ApplicationFilterChain.doFilter(ApplicationFilterChain.java:165)
	at org.springframework.web.filter.CharacterEncodingFilter.doFilterInternal(CharacterEncodingFilter.java:197)
	at org.springframework.web.filter.OncePerRequestFilter.doFilter(OncePerRequestFilter.java:107)
	at org.apache.catalina.core.ApplicationFilterChain.internalDoFilter(ApplicationFilterChain.java:192)
	at org.apache.catalina.core.ApplicationFilterChain.doFilter(ApplicationFilterChain.java:165)
	at org.apache.catalina.core.StandardWrapperValve.invoke(StandardWrapperValve.java:198)
	at org.apache.catalina.core.StandardContextValve.invoke(StandardContextValve.java:108)
	at org.apache.catalina.authenticator.AuthenticatorBase.invoke(AuthenticatorBase.java:522)
	at org.apache.catalina.core.StandardHostValve.invoke(StandardHostValve.java:140)
	at org.apache.catalina.valves.ErrorReportValve.invoke(ErrorReportValve.java:79)
	at org.apache.catalina.core.StandardEngineValve.invoke(StandardEngineValve.java:87)
	at org.apache.catalina.connector.CoyoteAdapter.service(CoyoteAdapter.java:349)
	at org.apache.coyote.http11.Http11Processor.service(Http11Processor.java:1110)
	at org.apache.coyote.AbstractProcessorLight.process(AbstractProcessorLight.java:66)
	at org.apache.coyote.AbstractProtocol$ConnectionHandler.process(AbstractProtocol.java:785)
	at org.apache.tomcat.util.net.NioEndpoint$SocketProcessor.doRun(NioEndpoint.java:1425)
	at org.apache.tomcat.util.net.SocketProcessorBase.run(SocketProcessorBase.java:49)
	at java.util.concurrent.ThreadPoolExecutor.runWorker(ThreadPoolExecutor.java:1142)
	at java.util.concurrent.ThreadPoolExecutor$Worker.run(ThreadPoolExecutor.java:617)
	at org.apache.tomcat.util.threads.TaskThread$WrappingRunnable.run(TaskThread.java:61)
	at java.lang.Thread.run(Thread.java:745)
2017-03-07 11:07:08 [main] INFO  org.alvin.opsdev.desktop.Application - Starting Application on SH-tangzc with PID 9372 (D:\学习\devops_v1\source\opsdev-desktop\target\classes started by tangzhichao in D:\学习\devops_v1\source\opsdev-desktop)
2017-03-07 11:07:08 [main] INFO  org.alvin.opsdev.desktop.Application - No active profile set, falling back to default profiles: default
2017-03-07 11:07:08 [main] INFO  o.s.b.c.e.AnnotationConfigEmbeddedWebApplicationContext - Refreshing org.springframework.boot.context.embedded.AnnotationConfigEmbeddedWebApplicationContext@47a1b27a: startup date [Tue Mar 07 11:07:08 CST 2017]; root of context hierarchy
2017-03-07 11:07:08 [background-preinit] INFO  o.h.validator.internal.util.Version - HV000001: Hibernate Validator 5.2.4.Final
2017-03-07 11:07:10 [main] INFO  o.s.b.c.e.t.TomcatEmbeddedServletContainer - Tomcat initialized with port(s): 4005 (http)
2017-03-07 11:07:10 [main] INFO  o.a.catalina.core.StandardService - Starting service Tomcat
2017-03-07 11:07:10 [main] INFO  o.a.catalina.core.StandardEngine - Starting Servlet Engine: Apache Tomcat/8.5.4
2017-03-07 11:07:10 [localhost-startStop-1] INFO  o.a.c.c.C.[Tomcat].[localhost].[/] - Initializing Spring embedded WebApplicationContext
2017-03-07 11:07:10 [localhost-startStop-1] INFO  o.s.web.context.ContextLoader - Root WebApplicationContext: initialization completed in 1812 ms
2017-03-07 11:07:10 [localhost-startStop-1] INFO  o.s.b.w.s.ServletRegistrationBean - Mapping servlet: 'dispatcherServlet' to [/]
2017-03-07 11:07:10 [localhost-startStop-1] INFO  o.s.b.w.s.FilterRegistrationBean - Mapping filter: 'characterEncodingFilter' to: [/*]
2017-03-07 11:07:10 [localhost-startStop-1] INFO  o.s.b.w.s.FilterRegistrationBean - Mapping filter: 'hiddenHttpMethodFilter' to: [/*]
2017-03-07 11:07:10 [localhost-startStop-1] INFO  o.s.b.w.s.FilterRegistrationBean - Mapping filter: 'httpPutFormContentFilter' to: [/*]
2017-03-07 11:07:10 [localhost-startStop-1] INFO  o.s.b.w.s.FilterRegistrationBean - Mapping filter: 'requestContextFilter' to: [/*]
2017-03-07 11:07:10 [main] INFO  o.s.s.c.ThreadPoolTaskScheduler - Initializing ExecutorService  'defaultSockJsTaskScheduler'
2017-03-07 11:07:10 [main] WARN  o.s.w.s.s.s.WebSocketHandlerMapping - Neither 'urlMap' nor 'mappings' set on SimpleUrlHandlerMapping
2017-03-07 11:07:11 [main] INFO  o.s.w.s.m.m.a.RequestMappingHandlerAdapter - Looking for @ControllerAdvice: org.springframework.boot.context.embedded.AnnotationConfigEmbeddedWebApplicationContext@47a1b27a: startup date [Tue Mar 07 11:07:08 CST 2017]; root of context hierarchy
2017-03-07 11:07:11 [main] INFO  o.s.w.s.m.m.a.RequestMappingHandlerMapping - Mapped "{[/api/sidebar/apps],methods=[GET]}" onto public java.util.List<org.alvin.opsdev.desktop.system.bean.AppBean> org.alvin.opsdev.desktop.system.controller.AppController.sidebarApps()
2017-03-07 11:07:11 [main] INFO  o.s.w.s.m.m.a.RequestMappingHandlerMapping - Mapped "{[/api/fisheye/apps],methods=[GET]}" onto public java.util.List<org.alvin.opsdev.desktop.system.bean.AppBean> org.alvin.opsdev.desktop.system.controller.AppController.fishEyeApps()
2017-03-07 11:07:11 [main] INFO  o.s.w.s.m.m.a.RequestMappingHandlerMapping - Mapped "{[/api/content/apps/{id}],methods=[GET]}" onto public java.util.List<org.alvin.opsdev.desktop.system.bean.AppBean> org.alvin.opsdev.desktop.system.controller.AppController.contentApps(java.lang.String)
2017-03-07 11:07:11 [main] INFO  o.s.w.s.m.m.a.RequestMappingHandlerMapping - Mapped "{[/api/tunnel]}" onto public org.apache.guacamole.net.GuacamoleTunnel org.alvin.opsdev.desktop.system.controller.GuacamoleController.doConnect(javax.servlet.http.HttpServletRequest) throws org.apache.guacamole.GuacamoleException
2017-03-07 11:07:11 [main] INFO  o.s.w.s.m.m.a.RequestMappingHandlerMapping - Mapped "{[/]}" onto public java.lang.String org.alvin.opsdev.desktop.system.controller.IndexController.index()
2017-03-07 11:07:11 [main] INFO  o.s.w.s.m.m.a.RequestMappingHandlerMapping - Mapped "{[/api/note],methods=[GET]}" onto public java.util.List<org.alvin.opsdev.desktop.system.bean.NotesBean> org.alvin.opsdev.desktop.system.controller.NotesController.notes()
2017-03-07 11:07:11 [main] INFO  o.s.w.s.m.m.a.RequestMappingHandlerMapping - Mapped "{[/api/setting/vncs],methods=[GET]}" onto public java.util.List<org.alvin.opsdev.desktop.system.bean.VncBean> org.alvin.opsdev.desktop.system.controller.SettingController.vncs()
2017-03-07 11:07:11 [main] INFO  o.s.w.s.m.m.a.RequestMappingHandlerMapping - Mapped "{[/api/setting/rdps],methods=[GET]}" onto public java.util.List<org.alvin.opsdev.desktop.system.bean.RdpBean> org.alvin.opsdev.desktop.system.controller.SettingController.rdps()
2017-03-07 11:07:11 [main] INFO  o.s.w.s.m.m.a.RequestMappingHandlerMapping - Mapped "{[/api/setting/sshs],methods=[GET]}" onto public java.util.List<org.alvin.opsdev.desktop.system.bean.SshBean> org.alvin.opsdev.desktop.system.controller.SettingController.sshs()
2017-03-07 11:07:11 [main] INFO  o.s.w.s.m.m.a.RequestMappingHandlerMapping - Mapped "{[/error]}" onto public org.springframework.http.ResponseEntity<java.util.Map<java.lang.String, java.lang.Object>> org.springframework.boot.autoconfigure.web.BasicErrorController.error(javax.servlet.http.HttpServletRequest)
2017-03-07 11:07:11 [main] INFO  o.s.w.s.m.m.a.RequestMappingHandlerMapping - Mapped "{[/error],produces=[text/html]}" onto public org.springframework.web.servlet.ModelAndView org.springframework.boot.autoconfigure.web.BasicErrorController.errorHtml(javax.servlet.http.HttpServletRequest,javax.servlet.http.HttpServletResponse)
2017-03-07 11:07:11 [main] INFO  o.s.w.s.c.a.WebMvcConfigurerAdapter - Adding welcome page: ServletContext resource [/index.html]
2017-03-07 11:07:11 [main] INFO  o.s.w.s.h.SimpleUrlHandlerMapping - Root mapping to handler of type [class org.springframework.web.servlet.mvc.ParameterizableViewController]
2017-03-07 11:07:11 [main] INFO  o.s.w.s.h.SimpleUrlHandlerMapping - Mapped URL path [/webjars/**] onto handler of type [class org.springframework.web.servlet.resource.ResourceHttpRequestHandler]
2017-03-07 11:07:11 [main] INFO  o.s.w.s.h.SimpleUrlHandlerMapping - Mapped URL path [/**] onto handler of type [class org.springframework.web.servlet.resource.ResourceHttpRequestHandler]
2017-03-07 11:07:11 [main] INFO  o.s.w.s.h.SimpleUrlHandlerMapping - Mapped URL path [/**/favicon.ico] onto handler of type [class org.springframework.web.servlet.resource.ResourceHttpRequestHandler]
2017-03-07 11:07:11 [main] INFO  o.s.w.s.v.f.FreeMarkerConfigurer - ClassTemplateLoader for Spring macros added to FreeMarker configuration
2017-03-07 11:07:11 [main] INFO  o.s.j.e.a.AnnotationMBeanExporter - Registering beans for JMX exposure on startup
2017-03-07 11:07:11 [main] INFO  o.s.c.s.DefaultLifecycleProcessor - Starting beans in phase 2147483647
2017-03-07 11:07:11 [main] INFO  o.a.coyote.http11.Http11NioProtocol - Initializing ProtocolHandler ["http-nio-4005"]
2017-03-07 11:07:11 [main] INFO  o.a.coyote.http11.Http11NioProtocol - Starting ProtocolHandler [http-nio-4005]
2017-03-07 11:07:11 [main] INFO  o.a.tomcat.util.net.NioSelectorPool - Using a shared selector for servlet write/read
2017-03-07 11:07:11 [main] INFO  o.s.b.c.e.t.TomcatEmbeddedServletContainer - Tomcat started on port(s): 4005 (http)
2017-03-07 11:07:11 [main] INFO  org.alvin.opsdev.desktop.Application - Started Application in 3.752 seconds (JVM running for 10.154)
2017-03-07 11:12:52 [http-nio-4005-exec-1] INFO  o.a.c.c.C.[Tomcat].[localhost].[/] - Initializing Spring FrameworkServlet 'dispatcherServlet'
2017-03-07 11:12:52 [http-nio-4005-exec-1] INFO  o.s.web.servlet.DispatcherServlet - FrameworkServlet 'dispatcherServlet': initialization started
2017-03-07 11:12:52 [http-nio-4005-exec-1] INFO  o.s.web.servlet.DispatcherServlet - FrameworkServlet 'dispatcherServlet': initialization completed in 21 ms
2017-03-07 11:12:56 [http-nio-4005-exec-9] ERROR o.a.c.c.C.[.[.[.[dispatcherServlet] - Servlet.service() for servlet [dispatcherServlet] in context with path [] threw exception [Request processing failed; nested exception is java.lang.NullPointerException] with root cause
java.lang.NullPointerException: null
	at org.alvin.opsdev.desktop.system.controller.GuacamoleController.doConnect(GuacamoleController.java:41)
	at sun.reflect.NativeMethodAccessorImpl.invoke0(Native Method)
	at sun.reflect.NativeMethodAccessorImpl.invoke(NativeMethodAccessorImpl.java:62)
	at sun.reflect.DelegatingMethodAccessorImpl.invoke(DelegatingMethodAccessorImpl.java:43)
	at java.lang.reflect.Method.invoke(Method.java:498)
	at org.springframework.web.method.support.InvocableHandlerMethod.doInvoke(InvocableHandlerMethod.java:221)
	at org.springframework.web.method.support.InvocableHandlerMethod.invokeForRequest(InvocableHandlerMethod.java:136)
	at org.springframework.web.servlet.mvc.method.annotation.ServletInvocableHandlerMethod.invokeAndHandle(ServletInvocableHandlerMethod.java:114)
	at org.springframework.web.servlet.mvc.method.annotation.RequestMappingHandlerAdapter.invokeHandlerMethod(RequestMappingHandlerAdapter.java:827)
	at org.springframework.web.servlet.mvc.method.annotation.RequestMappingHandlerAdapter.handleInternal(RequestMappingHandlerAdapter.java:738)
	at org.springframework.web.servlet.mvc.method.AbstractHandlerMethodAdapter.handle(AbstractHandlerMethodAdapter.java:85)
	at org.springframework.web.servlet.DispatcherServlet.doDispatch(DispatcherServlet.java:963)
	at org.springframework.web.servlet.DispatcherServlet.doService(DispatcherServlet.java:897)
	at org.springframework.web.servlet.FrameworkServlet.processRequest(FrameworkServlet.java:970)
	at org.springframework.web.servlet.FrameworkServlet.doPost(FrameworkServlet.java:872)
	at javax.servlet.http.HttpServlet.service(HttpServlet.java:648)
	at org.springframework.web.servlet.FrameworkServlet.service(FrameworkServlet.java:846)
	at javax.servlet.http.HttpServlet.service(HttpServlet.java:729)
	at org.apache.catalina.core.ApplicationFilterChain.internalDoFilter(ApplicationFilterChain.java:230)
	at org.apache.catalina.core.ApplicationFilterChain.doFilter(ApplicationFilterChain.java:165)
	at org.apache.tomcat.websocket.server.WsFilter.doFilter(WsFilter.java:52)
	at org.apache.catalina.core.ApplicationFilterChain.internalDoFilter(ApplicationFilterChain.java:192)
	at org.apache.catalina.core.ApplicationFilterChain.doFilter(ApplicationFilterChain.java:165)
	at org.springframework.web.filter.RequestContextFilter.doFilterInternal(RequestContextFilter.java:99)
	at org.springframework.web.filter.OncePerRequestFilter.doFilter(OncePerRequestFilter.java:107)
	at org.apache.catalina.core.ApplicationFilterChain.internalDoFilter(ApplicationFilterChain.java:192)
	at org.apache.catalina.core.ApplicationFilterChain.doFilter(ApplicationFilterChain.java:165)
	at org.springframework.web.filter.HttpPutFormContentFilter.doFilterInternal(HttpPutFormContentFilter.java:87)
	at org.springframework.web.filter.OncePerRequestFilter.doFilter(OncePerRequestFilter.java:107)
	at org.apache.catalina.core.ApplicationFilterChain.internalDoFilter(ApplicationFilterChain.java:192)
	at org.apache.catalina.core.ApplicationFilterChain.doFilter(ApplicationFilterChain.java:165)
	at org.springframework.web.filter.HiddenHttpMethodFilter.doFilterInternal(HiddenHttpMethodFilter.java:77)
	at org.springframework.web.filter.OncePerRequestFilter.doFilter(OncePerRequestFilter.java:107)
	at org.apache.catalina.core.ApplicationFilterChain.internalDoFilter(ApplicationFilterChain.java:192)
	at org.apache.catalina.core.ApplicationFilterChain.doFilter(ApplicationFilterChain.java:165)
	at org.springframework.web.filter.CharacterEncodingFilter.doFilterInternal(CharacterEncodingFilter.java:197)
	at org.springframework.web.filter.OncePerRequestFilter.doFilter(OncePerRequestFilter.java:107)
	at org.apache.catalina.core.ApplicationFilterChain.internalDoFilter(ApplicationFilterChain.java:192)
	at org.apache.catalina.core.ApplicationFilterChain.doFilter(ApplicationFilterChain.java:165)
	at org.apache.catalina.core.StandardWrapperValve.invoke(StandardWrapperValve.java:198)
	at org.apache.catalina.core.StandardContextValve.invoke(StandardContextValve.java:108)
	at org.apache.catalina.authenticator.AuthenticatorBase.invoke(AuthenticatorBase.java:522)
	at org.apache.catalina.core.StandardHostValve.invoke(StandardHostValve.java:140)
	at org.apache.catalina.valves.ErrorReportValve.invoke(ErrorReportValve.java:79)
	at org.apache.catalina.core.StandardEngineValve.invoke(StandardEngineValve.java:87)
	at org.apache.catalina.connector.CoyoteAdapter.service(CoyoteAdapter.java:349)
	at org.apache.coyote.http11.Http11Processor.service(Http11Processor.java:1110)
	at org.apache.coyote.AbstractProcessorLight.process(AbstractProcessorLight.java:66)
	at org.apache.coyote.AbstractProtocol$ConnectionHandler.process(AbstractProtocol.java:785)
	at org.apache.tomcat.util.net.NioEndpoint$SocketProcessor.doRun(NioEndpoint.java:1425)
	at org.apache.tomcat.util.net.SocketProcessorBase.run(SocketProcessorBase.java:49)
	at java.util.concurrent.ThreadPoolExecutor.runWorker(ThreadPoolExecutor.java:1142)
	at java.util.concurrent.ThreadPoolExecutor$Worker.run(ThreadPoolExecutor.java:617)
	at org.apache.tomcat.util.threads.TaskThread$WrappingRunnable.run(TaskThread.java:61)
	at java.lang.Thread.run(Thread.java:745)
